######################################################
Generated Apparatus Simulation with following defaults
######################################################
PARTICLE: Mean Free Path = 8e-05 cm
PARTICLE: Time Seperation between sequential Particles if simulation more than 1 = 100000.0
SCINT:    Probability of Scintillaton = 0.8
PMT:      Quantum Efficiency is set to 1 by default to keep more pulses
PMT:      Energy per Photoelectron is set to 20 by best estimation
PMT:      Artificial Gain on Output Current = 1
OUTPUT:   Binning Width for PWL output file = 100 ps

Run with .run() function given optional arguments below
integer n particles, 'delta_t' = 100000.0 ps particle time seperation
Generating 9000 particles now...
Photons generated 456298809.0
Photons in T1: 152118977.0 and Photons in T4: 304179832.0
T1 Photon Propagation working...T1 Photon Propagation done.     
T4 Photon Propagation working...T4 Photon Propagation done.     
Unzipping reuslts into arrays...
TIME ANALYSIS:
Generation of Particles     0days 1hrs -56mins 3638.78996s
Simulation of Photon Travel 0days 16hrs -907mins 57650.84593s
Total Time Elapsed:         0days 17hrs -962mins 61232.43666s
RESULTS SUMMARY:
HITS on T1 134961
RATIO T1   total photons 152118977.0 total incident photons 134961 ratio=1127.13
HITS on T4 600933
RATIO T4   total photons  304179832.0 total incident photons 600933 ratio=506.18
DISTANCE: 
Exporting Extra Data...
Exporing to 2 channels...
Done!
